[    0.000000] Initializing cgroup subsys cpuset
[    0.000000] Initializing cgroup subsys cpu
[    0.000000] Initializing cgroup subsys cpuacct
[    0.000000] Linux version 4.4.0-91-generic (buildd@lcy01-11) (gcc version 5.4.0 20160609 (Ubuntu 5.4.0-6ubuntu1~16.04.4) ) #114-Ubuntu SMP Tue Aug 8 11:56:56 UTC 2017 (Ubuntu 4.4.0-91.114-generic 4.4.76)
[    0.000000] Command line: BOOT_IMAGE=/boot/vmlinuz-4.4.0-91-generic root=LABEL=cloudimg-rootfs ro console=tty1 console=ttyS0
[    0.000000] KERNEL supported cpus:
[    0.000000]   Intel GenuineIntel
[    0.000000]   AMD AuthenticAMD
[    0.000000]   Centaur CentaurHauls
[    0.000000] x86/fpu: xstate_offset[2]:  576, xstate_sizes[2]:  256
[    0.000000] x86/fpu: Supporting XSAVE feature 0x01: 'x87 floating point registers'
[    0.000000] x86/fpu: Supporting XSAVE feature 0x02: 'SSE registers'
[    0.000000] x86/fpu: Supporting XSAVE feature 0x04: 'AVX registers'
[    0.000000] x86/fpu: Enabled xstate features 0x7, context size is 832 bytes, using 'standard' format.
[    0.000000] x86/fpu: Using 'lazy' FPU context switches.
[    0.000000] e820: BIOS-provided physical RAM map:
[    0.000000] BIOS-e820: [mem 0x0000000000000000-0x000000000009fbff] usable
[    0.000000] BIOS-e820: [mem 0x000000000009fc00-0x000000000009ffff] reserved
[    0.000000] BIOS-e820: [mem 0x00000000000f0000-0x00000000000fffff] reserved
[    0.000000] BIOS-e820: [mem 0x0000000000100000-0x000000003ffeffff] usable
[    0.000000] BIOS-e820: [mem 0x000000003fff0000-0x000000003fffffff] ACPI data
[    0.000000] BIOS-e820: [mem 0x00000000fec00000-0x00000000fec00fff] reserved
[    0.000000] BIOS-e820: [mem 0x00000000fee00000-0x00000000fee00fff] reserved
[    0.000000] BIOS-e820: [mem 0x00000000fffc0000-0x00000000ffffffff] reserved
[    0.000000] NX (Execute Disable) protection: active
[    0.000000] SMBIOS 2.5 present.
[    0.000000] Hypervisor detected: KVM
[    0.000000] e820: last_pfn = 0x3fff0 max_arch_pfn = 0x400000000
[    0.000000] MTRR: Disabled
[    0.000000] x86/PAT: MTRRs disabled, skipping PAT initialization too.
[    0.000000] x86/PAT: Configuration [0-7]: WB  WT  UC- UC  WB  WT  UC- UC  
[    0.000000] CPU MTRRs all blank - virtualized system.
[    0.000000] found SMP MP-table at [mem 0x0009fff0-0x0009ffff] mapped at [ffff88000009fff0]
[    0.000000] Scanning 1 areas for low memory corruption
[    0.000000] RAMDISK: [mem 0x36ac6000-0x3755afff]
[    0.000000] ACPI: Early table checksum verification disabled
[    0.000000] ACPI: RSDP 0x00000000000E0000 000024 (v02 VBOX  )
[    0.000000] ACPI: XSDT 0x000000003FFF0030 00003C (v01 VBOX   VBOXXSDT 00000001 ASL  00000061)
[    0.000000] ACPI: FACP 0x000000003FFF00F0 0000F4 (v04 VBOX   VBOXFACP 00000001 ASL  00000061)
[    0.000000] ACPI: DSDT 0x000000003FFF0470 0021C8 (v02 VBOX   VBOXBIOS 00000002 INTL 20100528)
[    0.000000] ACPI: FACS 0x000000003FFF0200 000040
[    0.000000] ACPI: FACS 0x000000003FFF0200 000040
[    0.000000] ACPI: APIC 0x000000003FFF0240 00005C (v02 VBOX   VBOXAPIC 00000001 ASL  00000061)
[    0.000000] ACPI: SSDT 0x000000003FFF02A0 0001CC (v01 VBOX   VBOXCPUT 00000002 INTL 20100528)
[    0.000000] No NUMA configuration found
[    0.000000] Faking a node at [mem 0x0000000000000000-0x000000003ffeffff]
[    0.000000] NODE_DATA(0) allocated [mem 0x3ffeb000-0x3ffeffff]
[    0.000000] kvm-clock: Using msrs 4b564d01 and 4b564d00
[    0.000000] kvm-clock: cpu 0, msr 0:3ffe3001, primary cpu clock
[    0.000000] kvm-clock: using sched offset of 2940580279 cycles
[    0.000000] clocksource: kvm-clock: mask: 0xffffffffffffffff max_cycles: 0x1cd42e4dffb, max_idle_ns: 881590591483 ns
[    0.000000] Zone ranges:
[    0.000000]   DMA      [mem 0x0000000000001000-0x0000000000ffffff]
[    0.000000]   DMA32    [mem 0x0000000001000000-0x000000003ffeffff]
[    0.000000]   Normal   empty
[    0.000000]   Device   empty
[    0.000000] Movable zone start for each node
[    0.000000] Early memory node ranges
[    0.000000]   node   0: [mem 0x0000000000001000-0x000000000009efff]
[    0.000000]   node   0: [mem 0x0000000000100000-0x000000003ffeffff]
[    0.000000] Initmem setup node 0 [mem 0x0000000000001000-0x000000003ffeffff]
[    0.000000] ACPI: PM-Timer IO Port: 0x4008
[    0.000000] IOAPIC[0]: apic_id 2, version 32, address 0xfec00000, GSI 0-23
[    0.000000] ACPI: INT_SRC_OVR (bus 0 bus_irq 0 global_irq 2 dfl dfl)
[    0.000000] ACPI: INT_SRC_OVR (bus 0 bus_irq 9 global_irq 9 high level)
[    0.000000] Using ACPI (MADT) for SMP configuration information
[    0.000000] smpboot: Allowing 2 CPUs, 0 hotplug CPUs
[    0.000000] PM: Registered nosave memory: [mem 0x00000000-0x00000fff]
[    0.000000] PM: Registered nosave memory: [mem 0x0009f000-0x0009ffff]
[    0.000000] PM: Registered nosave memory: [mem 0x000a0000-0x000effff]
[    0.000000] PM: Registered nosave memory: [mem 0x000f0000-0x000fffff]
[    0.000000] e820: [mem 0x40000000-0xfebfffff] available for PCI devices
[    0.000000] Booting paravirtualized kernel on KVM
[    0.000000] clocksource: refined-jiffies: mask: 0xffffffff max_cycles: 0xffffffff, max_idle_ns: 7645519600211568 ns
[    0.000000] setup_percpu: NR_CPUS:512 nr_cpumask_bits:512 nr_cpu_ids:2 nr_node_ids:1
[    0.000000] PERCPU: Embedded 33 pages/cpu @ffff88003fc00000 s98264 r8192 d28712 u1048576
[    0.000000] PV qspinlock hash table entries: 256 (order: 0, 4096 bytes)
[    0.000000] Built 1 zonelists in Node order, mobility grouping on.  Total pages: 257913
[    0.000000] Policy zone: DMA32
[    0.000000] Kernel command line: BOOT_IMAGE=/boot/vmlinuz-4.4.0-91-generic root=LABEL=cloudimg-rootfs ro console=tty1 console=ttyS0
[    0.000000] PID hash table entries: 4096 (order: 3, 32768 bytes)
[    0.000000] Memory: 1001740K/1048120K available (8474K kernel code, 1294K rwdata, 3984K rodata, 1488K init, 1316K bss, 46380K reserved, 0K cma-reserved)
[    0.000000] SLUB: HWalign=64, Order=0-3, MinObjects=0, CPUs=2, Nodes=1
[    0.000000] Hierarchical RCU implementation.
[    0.000000] 	Build-time adjustment of leaf fanout to 64.
[    0.000000] 	RCU restricting CPUs from NR_CPUS=512 to nr_cpu_ids=2.
[    0.000000] RCU: Adjusting geometry for rcu_fanout_leaf=64, nr_cpu_ids=2
[    0.000000] NR_IRQS:33024 nr_irqs:440 16
[    0.000000] Console: colour VGA+ 80x25
[    0.000000] console [tty1] enabled
[    0.000000] console [ttyS0] enabled
[    0.000000] tsc: Detected 2494.226 MHz processor
[    8.648225] Calibrating delay loop (skipped) preset value.. 4988.45 BogoMIPS (lpj=9976904)
[    8.656734] pid_max: default: 32768 minimum: 301
[    8.657498] ACPI: Core revision 20150930
[    8.733122] ACPI: 2 ACPI AML tables successfully acquired and loaded
[    8.822128] Security Framework initialized
[    8.832688] Yama: becoming mindful.
[    8.838779] AppArmor: AppArmor initialized
[    8.839537] Dentry cache hash table entries: 131072 (order: 8, 1048576 bytes)
[    8.840740] Inode-cache hash table entries: 65536 (order: 7, 524288 bytes)
[    8.843115] Mount-cache hash table entries: 2048 (order: 2, 16384 bytes)
[    8.921582] Mountpoint-cache hash table entries: 2048 (order: 2, 16384 bytes)
[    9.018622] Initializing cgroup subsys io
[    9.023192] Initializing cgroup subsys memory
[    9.023935] Initializing cgroup subsys devices
[    9.043945] Initializing cgroup subsys freezer
[    9.142957] Initializing cgroup subsys net_cls
[    9.216887] Initializing cgroup subsys perf_event
[    9.255943] Initializing cgroup subsys net_prio
[    9.290690] Initializing cgroup subsys hugetlb
[    9.321776] Initializing cgroup subsys pids
[    9.340592] CPU: Physical Processor ID: 0
[    9.378909] CPU: Processor Core ID: 0
[    9.392778] mce: CPU supports 0 MCE banks
[    9.393479] Last level iTLB entries: 4KB 1024, 2MB 1024, 4MB 1024
[    9.394398] Last level dTLB entries: 4KB 1024, 2MB 1024, 4MB 1024, 1GB 4
[    9.396985] Freeing SMP alternatives memory: 32K (ffffffff820b9000 - ffffffff820c1000)
[    9.405063] ftrace: allocating 32131 entries in 126 pages
[    9.547752] smpboot: APIC(0) Converting physical 0 to logical package 0
[    9.691911] smpboot: Max logical packages: 1
[    9.744298] x2apic enabled
[    9.810157] Switched APIC routing to physical x2apic.
[    9.895988] ..TIMER: vector=0x30 apic1=0 pin1=2 apic2=-1 pin2=-1
[   10.092213] smpboot: CPU0: Intel(R) Core(TM) i7-4870HQ CPU @ 2.50GHz (family: 0x6, model: 0x46, stepping: 0x1)
[   10.302600] Performance Events: unsupported p6 CPU model 70 no PMU driver, software events only.
[   10.428994] KVM setup paravirtual spinlock
[   10.492891] x86: Booting SMP configuration:
[   10.587764] .... node  #0, CPUs:      #1
[   10.623492] kvm-clock: cpu 1, msr 0:3ffe3041, secondary cpu clock
[   10.624979] mce: CPU supports 0 MCE banks
[   10.628908] x86: Booted up 1 node, 2 CPUs
[   10.719771] smpboot: Total of 2 processors activated (9976.90 BogoMIPS)
[   10.824919] devtmpfs: initialized
[   10.896576] evm: security.selinux
[   10.962639] evm: security.SMACK64
[   11.033864] evm: security.SMACK64EXEC
[   11.051616] evm: security.SMACK64TRANSMUTE
[   11.059339] evm: security.SMACK64MMAP
[   11.148630] evm: security.ima
[   11.204369] evm: security.capability
[   11.281850] clocksource: jiffies: mask: 0xffffffff max_cycles: 0xffffffff, max_idle_ns: 7645041785100000 ns
[   11.458604] futex hash table entries: 512 (order: 3, 32768 bytes)
[   11.513107] pinctrl core: initialized pinctrl subsystem
[   11.550321] RTC time:  2:34:14, date: 08/17/17
[   11.645261] NET: Registered protocol family 16
[   11.744745] cpuidle: using governor ladder
[   11.851524] cpuidle: using governor menu
[   11.933718] PCCT header not found.
[   12.007738] ACPI: bus type PCI registered
[   12.099870] acpiphp: ACPI Hot Plug PCI Controller Driver version: 0.5
[   12.221157] PCI: Using configuration type 1 for base access
[   12.347867] ACPI: Added _OSI(Module Device)
[   12.432211] ACPI: Added _OSI(Processor Device)
[   12.527451] ACPI: Added _OSI(3.0 _SCP Extensions)
[   12.551378] ACPI: Added _OSI(Processor Aggregator Device)
[   12.552827] ACPI: Executed 1 blocks of module-level executable AML code
[   12.611413] ACPI: Interpreter enabled
[   12.635367] ACPI: (supports S0 S5)
[   12.653718] ACPI: Using IOAPIC for interrupt routing
[   12.679081] PCI: Using host bridge windows from ACPI; if necessary, use "pci=nocrs" and report a bug
[   12.735638] ACPI: PCI Root Bridge [PCI0] (domain 0000 [bus 00-ff])
[   12.782583] acpi PNP0A03:00: _OSC: OS supports [ASPM ClockPM Segments MSI]
[   12.872940] acpi PNP0A03:00: _OSC failed (AE_NOT_FOUND); disabling ASPM
[   12.921289] acpi PNP0A03:00: fail to add MMCONFIG information, can't access extended PCI configuration space under this bridge.
[   12.996704] PCI host bridge to bus 0000:00
[   13.087900] pci_bus 0000:00: root bus resource [io  0x0000-0x0cf7 window]
[   13.233412] pci_bus 0000:00: root bus resource [io  0x0d00-0xffff window]
[   13.353089] pci_bus 0000:00: root bus resource [mem 0x000a0000-0x000bffff window]
[   13.516624] pci_bus 0000:00: root bus resource [mem 0x40000000-0xffdfffff window]
[   13.648276] pci_bus 0000:00: root bus resource [bus 00-ff]
[   13.720091] pci 0000:00:01.1: legacy IDE quirk: reg 0x10: [io  0x01f0-0x01f7]
[   13.763857] pci 0000:00:01.1: legacy IDE quirk: reg 0x14: [io  0x03f6]
[   13.804214] pci 0000:00:01.1: legacy IDE quirk: reg 0x18: [io  0x0170-0x0177]
[   13.921871] pci 0000:00:01.1: legacy IDE quirk: reg 0x1c: [io  0x0376]
[   13.933294] pci 0000:00:07.0: quirk: [io  0x4000-0x403f] claimed by PIIX4 ACPI
[   14.087153] pci 0000:00:07.0: quirk: [io  0x4100-0x410f] claimed by PIIX4 SMB
[   14.207740] ACPI: PCI Interrupt Link [LNKA] (IRQs 5 9 10 *11)
[   14.327267] ACPI: PCI Interrupt Link [LNKB] (IRQs 5 9 10 *11)
[   14.444526] ACPI: PCI Interrupt Link [LNKC] (IRQs 5 9 *10 11)
[   14.547585] ACPI: PCI Interrupt Link [LNKD] (IRQs 5 *9 10 11)
[   14.666943] ACPI: Enabled 2 GPEs in block 00 to 07
[   14.730247] vgaarb: setting as boot device: PCI:0000:00:02.0
[   14.763803] vgaarb: device added: PCI:0000:00:02.0,decodes=io+mem,owns=io+mem,locks=none
[   14.800204] vgaarb: loaded
[   14.840565] vgaarb: bridge control possible 0000:00:02.0
[   14.892772] SCSI subsystem initialized
[   14.921690] ACPI: bus type USB registered
[   14.982402] usbcore: registered new interface driver usbfs
[   15.064376] usbcore: registered new interface driver hub
[   15.088179] usbcore: registered new device driver usb
[   15.089262] PCI: Using ACPI for IRQ routing
[   15.124445] NetLabel: Initializing
[   15.136697] NetLabel:  domain hash size = 128
[   15.148212] NetLabel:  protocols = UNLABELED CIPSOv4
[   15.167707] NetLabel:  unlabeled traffic allowed by default
[   15.302150] amd_nb: Cannot enumerate AMD northbridges
[   15.412597] clocksource: Switched to clocksource kvm-clock
[   15.502163] AppArmor: AppArmor Filesystem Enabled
[   15.598946] pnp: PnP ACPI init
[   15.652026] pnp: PnP ACPI: found 3 devices
[   15.749852] clocksource: acpi_pm: mask: 0xffffff max_cycles: 0xffffff, max_idle_ns: 2085701024 ns
[   15.941950] NET: Registered protocol family 2
[   15.987678] TCP established hash table entries: 8192 (order: 4, 65536 bytes)
[   15.990402] TCP bind hash table entries: 8192 (order: 5, 131072 bytes)
[   15.994226] TCP: Hash tables configured (established 8192 bind 8192)
[   15.995641] UDP hash table entries: 512 (order: 2, 16384 bytes)
[   15.996536] UDP-Lite hash table entries: 512 (order: 2, 16384 bytes)
[   15.997534] NET: Registered protocol family 1
[   15.998265] pci 0000:00:00.0: Limiting direct PCI/PCI transfers
[   16.099097] pci 0000:00:01.0: Activating ISA DMA hang workarounds
[   16.246467] Unpacking initramfs...
[   17.930003] Freeing initrd memory: 10836K (ffff880036ac6000 - ffff88003755b000)
[   17.993624] platform rtc_cmos: registered platform RTC device (no PNP device found)
[   18.067584] Scanning for low memory corruption every 60 seconds
[   18.104346] audit: initializing netlink subsys (disabled)
[   18.137244] audit: type=2000 audit(1502937250.292:1): initialized
[   18.178905] Initialise system trusted keyring
[   18.198416] HugeTLB registered 2 MB page size, pre-allocated 0 pages
[   18.255862] zbud: loaded
[   18.277119] VFS: Disk quotas dquot_6.6.0
[   18.319009] VFS: Dquot-cache hash table entries: 512 (order 0, 4096 bytes)
[   18.374036] squashfs: version 4.0 (2009/01/31) Phillip Lougher
[   18.435896] fuse init (API version 7.23)
[   18.507224] Key type big_key registered
[   18.579939] Allocating IMA MOK and blacklist keyrings.
[   18.621720] Key type asymmetric registered
[   18.622421] Asymmetric key parser 'x509' registered
[   18.623292] Block layer SCSI generic (bsg) driver version 0.4 loaded (major 249)
[   18.777452] io scheduler noop registered
[   18.874524] io scheduler deadline registered (default)
[   18.989220] io scheduler cfq registered
[   19.082875] tsc: Refined TSC clocksource calibration: 2494.227 MHz
[   19.234842] clocksource: tsc: mask: 0xffffffffffffffff max_cycles: 0x23f3ec29a0f, max_idle_ns: 440795214066 ns
[   19.235009] pci_hotplug: PCI Hot Plug PCI Core version: 0.5
[   19.235014] pciehp: PCI Express Hot Plug Controller Driver version: 0.4
[   19.235338] ACPI: AC Adapter [AC] (on-line)
[   19.235389] input: Power Button as /devices/LNXSYSTM:00/LNXPWRBN:00/input/input0
[   19.235392] ACPI: Power Button [PWRF]
[   19.235455] input: Sleep Button as /devices/LNXSYSTM:00/LNXSLPBN:00/input/input1
[   19.235456] ACPI: Sleep Button [SLPF]
[   19.236355] ACPI: Battery Slot [BAT0] (battery present)
[   19.236382] GHES: HEST is not enabled!
[   19.236463] Serial: 8250/16550 driver, 32 ports, IRQ sharing enabled
[   19.419353] 00:02: ttyS0 at I/O 0x3f8 (irq = 4, base_baud = 115200) is a 16550A
[   19.545313] Linux agpgart interface v0.103
[   19.759744] loop: module loaded
[   19.760250] scsi host0: ata_piix
[   19.760297] scsi host1: ata_piix
[   19.760322] ata1: PATA max UDMA/33 cmd 0x1f0 ctl 0x3f6 bmdma 0xd000 irq 14
[   19.760323] ata2: PATA max UDMA/33 cmd 0x170 ctl 0x376 bmdma 0xd008 irq 15
[   19.760386] libphy: Fixed MDIO Bus: probed
[   19.760389] tun: Universal TUN/TAP device driver, 1.6
[   19.760389] tun: (C) 1999-2004 Max Krasnyansky <maxk@qualcomm.com>
[   19.760669] PPP generic driver version 2.4.2
[   19.760718] ehci_hcd: USB 2.0 'Enhanced' Host Controller (EHCI) Driver
[   19.760722] ehci-pci: EHCI PCI platform driver
[   19.760736] ehci-platform: EHCI generic platform driver
[   19.760743] ohci_hcd: USB 1.1 'Open' Host Controller (OHCI) Driver
[   19.760746] ohci-pci: OHCI PCI platform driver
[   19.760753] ohci-platform: OHCI generic platform driver
[   19.760759] uhci_hcd: USB Universal Host Controller Interface driver
[   19.760807] i8042: PNP: PS/2 Controller [PNP0303:PS2K,PNP0f03:PS2M] at 0x60,0x64 irq 1,12
[   19.842954] serio: i8042 KBD port at 0x60,0x64 irq 1
[   19.842961] serio: i8042 AUX port at 0x60,0x64 irq 12
[   19.843099] mousedev: PS/2 mouse device common for all mice
[   19.843395] rtc_cmos rtc_cmos: rtc core: registered rtc_cmos as rtc0
[   19.843445] rtc_cmos rtc_cmos: alarms up to one day, 114 bytes nvram
[   19.843453] i2c /dev entries driver
[   19.843514] device-mapper: uevent: version 1.0.3
[   19.843561] device-mapper: ioctl: 4.34.0-ioctl (2015-10-28) initialised: dm-devel@redhat.com
[   19.843581] ledtrig-cpu: registered to indicate activity on CPUs
[   19.843837] NET: Registered protocol family 10
[   19.843994] NET: Registered protocol family 17
[   19.844002] Key type dns_resolver registered
[   20.080902] microcode: CPU0 sig=0x40661, pf=0x40, revision=0x0
[   20.080957] microcode: CPU1 sig=0x40661, pf=0x40, revision=0x0
[   20.081028] microcode: Microcode Update Driver: v2.01 <tigran@aivazian.fsnet.co.uk>, Peter Oruba
[   20.081149] registered taskstats version 1
[   20.081162] Loading compiled-in X.509 certificates
[   20.081679] Loaded X.509 cert 'Build time autogenerated kernel key: 0777615d5208f86b8b4bd2fb3aecc97a191f2831'
[   20.081695] zswap: loaded using pool lzo/zbud
[   20.082821] Key type trusted registered
[   20.084590] Key type encrypted registered
[   20.084594] AppArmor: AppArmor sha1 policy hashing enabled
[   20.084597] ima: No TPM chip found, activating TPM-bypass!
[   20.084616] evm: HMAC attrs: 0x1
[   20.084942]   Magic number: 13:527:561
[   20.235116] rtc_cmos rtc_cmos: setting system clock to 2017-08-17 02:34:23 UTC (1502937263)
[   20.235268] BIOS EDD facility v0.16 2004-Jun-25, 0 devices found
[   20.235268] EDD information not available.
[   20.637188] input: AT Translated Set 2 keyboard as /devices/platform/i8042/serio0/input/input2
[   23.031047] Freeing unused kernel memory: 1488K (ffffffff81f45000 - ffffffff820b9000)
[   23.274340] Write protecting the kernel read-only data: 14336k
[   23.399466] Freeing unused kernel memory: 1752K (ffff88000184a000 - ffff880001a00000)
[   23.690742] Freeing unused kernel memory: 112K (ffff880001de4000 - ffff880001e00000)
Loading, please wait...
[   23.736347] random: systemd-udevd: uninitialized urandom read (16 bytes read, 3 bits of entropy available)
starting version[   23.737003] random: udevadm: uninitialized urandom read (16 bytes read, 3 bits of entropy available)
 229
[   23.737033] random: udevadm: uninitialized urandom read (16 bytes read, 3 bits of entropy available)
[   23.737128] random: udevadm: uninitialized urandom read (16 bytes read, 3 bits of entropy available)
[   23.737161] random: udevadm: uninitialized urandom read (16 bytes read, 3 bits of entropy available)
[   23.737194] random: udevadm: uninitialized urandom read (16 bytes read, 3 bits of entropy available)
[   23.737226] random: udevadm: uninitialized urandom read (16 bytes read, 3 bits of entropy available)
[   23.737255] random: udevadm: uninitialized urandom read (16 bytes read, 3 bits of entropy available)
[   23.737283] random: udevadm: uninitialized urandom read (16 bytes read, 3 bits of entropy available)
[   23.737314] random: udevadm: uninitialized urandom read (16 bytes read, 3 bits of entropy available)
[   24.862825] e1000: Intel(R) PRO/1000 Network Driver - version 7.3.21-k8-NAPI
[   24.929485] e1000: Copyright (c) 1999-2006 Intel Corporation.
[   25.003487] Fusion MPT base driver 3.04.20
[   25.023889] Copyright (c) 1999-2008 LSI Corporation
[   25.106138] AVX version of gcm_enc/dec engaged.
[   25.125264] AES CTR mode by8 optimization enabled
[   25.130014] Fusion MPT SPI Host driver 3.04.20
[   25.309701] input: ImExPS/2 Generic Explorer Mouse as /devices/platform/i8042/serio1/input/input4
[   25.448341] e1000 0000:00:03.0 eth0: (PCI:33MHz:32-bit) 02:50:7f:03:3f:72
[   25.448345] e1000 0000:00:03.0 eth0: Intel(R) PRO/1000 Network Connection
[   25.711120] e1000 0000:00:03.0 enp0s3: renamed from eth0
[   25.711716] mptbase: ioc0: Initiating bringup
[   25.773124] ioc0: LSI53C1030 A0: Capabilities={Initiator}
[   25.992474] scsi host2: ioc0: LSI53C1030 A0, FwRev=00000000h, Ports=1, MaxQ=256, IRQ=20
[   26.369128] scsi 2:0:0:0: Direct-Access     VBOX     HARDDISK         1.0  PQ: 0 ANSI: 5
[   26.683400] scsi target2:0:0: Beginning Domain Validation
[   26.846088] scsi target2:0:0: Domain Validation skipping write tests
[   26.958834] scsi target2:0:0: Ending Domain Validation
[   26.959800] scsi target2:0:0: asynchronous
[   27.014485] scsi 2:0:1:0: Direct-Access     VBOX     HARDDISK         1.0  PQ: 0 ANSI: 5
[   27.074976] scsi target2:0:1: Beginning Domain Validation
[   27.085135] scsi target2:0:1: Domain Validation skipping write tests
[   27.247880] scsi target2:0:1: Ending Domain Validation
[   27.446859] scsi target2:0:1: asynchronous
[   27.658175] sd 2:0:0:0: [sda] 20971520 512-byte logical blocks: (10.7 GB/10.0 GiB)
[   27.834672] sd 2:0:0:0: Attached scsi generic sg0 type 0
[   27.866170] sd 2:0:1:0: [sdb] 20480 512-byte logical blocks: (10.5 MB/10.0 MiB)
[   27.866245] sd 2:0:0:0: [sda] Write Protect is off
[   27.866389] sd 2:0:0:0: [sda] Incomplete mode parameter data
[   27.866390] sd 2:0:0:0: [sda] Assuming drive cache: write through
[   27.961075] sd 2:0:1:0: Attached scsi generic sg1 type 0
[   27.962010]  sda: sda1
[   27.962715] sd 2:0:0:0: [sda] Attached SCSI disk
[   28.156932] floppy0: no floppy controllers found
[   28.156971] work still pending
[   28.329411] sd 2:0:1:0: [sdb] Write Protect is off
[   28.486033] sd 2:0:1:0: [sdb] Incomplete mode parameter data
[   28.629418] sd 2:0:1:0: [sdb] Assuming drive cache: write through
[   28.859187] sd 2:0:1:0: [sdb] Attached SCSI disk
Begin: Loading e[   30.278616] md: linear personality registered for level -1
ssential drivers[   30.371734] md: multipath personality registered for level -4
 ... [   30.395508] md: raid0 personality registered for level 0
[   30.521816] md: raid1 personality registered for level 1
[   30.760641] raid6: sse2x1   gen()  9913 MB/s
[   31.038614] raid6: sse2x1   xor()  8458 MB/s
[   31.261001] raid6: sse2x2   gen() 12879 MB/s
[   31.452708] raid6: sse2x2   xor()  8902 MB/s
[   31.549147] raid6: sse2x4   gen() 14800 MB/s
[   31.772733] raid6: sse2x4   xor() 10670 MB/s
[   31.822988] raid6: using algorithm sse2x4 gen() 14800 MB/s
[   31.905098] raid6: .... xor() 10670 MB/s, rmw enabled
[   32.012421] raid6: using ssse3x2 recovery algorithm
[   32.180412] xor: automatically using best checksumming function:
[   32.324725]    avx       : 20859.000 MB/sec
[   32.413037] async_tx: api initialized (async)
[   32.516029] md: raid6 personality registered for level 6
[   32.567354] md: raid5 personality registered for level 5
[   32.577166] md: raid4 personality registered for level 4
[   32.596864] md: raid10 personality registered for level 10
done.
Begin: Running /scripts/init-premount ... done[   32.636381] Btrfs loaded
.
Begin: Mounting root file system ... Begin: Running /scripts/local-top ... done.
Begin: Running /scripts/local-premount ... Scanning for Btrfs filesystems
done.
Warning: fsck not present, so skipping root file[   32.737568] EXT4-fs (sda1): mounted filesystem with ordered data mode. Opts: (null)
 system
done.
Begin: Running /scripts/local-bottom ... done.
Begin: Running /scripts/init-bottom ... done.
[   32.962476] systemd[1]: systemd 229 running in system mode. (+PAM +AUDIT +SELINUX +IMA +APPARMOR +SMACK +SYSVINIT +UTMP +LIBCRYPTSETUP +GCRYPT +GNUTLS +ACL +XZ -LZ4 +SECCOMP +BLKID +ELFUTILS +KMOD -IDN)
[   33.429565] systemd[1]: Detected virtualization oracle.
[   33.591099] systemd[1]: Detected architecture x86-64.

Welcome to [1mUbuntu 16.04.3 LTS[0m!

[   33.713157] systemd[1]: Set hostname to <ubuntu>.
[   33.785844] systemd[1]: Initializing machine ID from random generator.
[   33.830498] systemd[1]: Installed transient /etc/machine-id file.
[   33.926172] systemd[1]: Listening on LVM2 poll daemon socket.
[[0;32m  OK  [0m] Listening on LVM2 poll daemon socket.
[   34.077380] systemd[1]: Created slice System Slice.
[[0;32m  OK  [0m] Created slice System Slice.
[   34.162082] systemd[1]: Listening on Syslog Socket.
[[0;32m  OK  [0m] Listening on Syslog Socket.
[   34.288829] systemd[1]: Listening on Journal Socket (/dev/log).
[[0;32m  OK  [0m] Listening on Journal Socket (/dev/log).
[   34.457212  systemd[1]: Listening on udev Kernel Socket.
[[0;32m  OK  [0m] Listening on udev Kernel Socket.
[   34.621126] systemd[1]: Set up automount Arbitrary Executable File Formats File System Automount Point.
[[0;32m  OK  [0m] Set up automount Arbitrary Executab...ats File System Automount Point.
[   34.828966] systemd[1]: Listening on Device-mapper event daemon FIFOs.
[[0;32m  OK  [0m] Listening on Device-mapper event daemon FIFOs.
[   35.025278] systemd[1]: Started Forward Password Requests to Wall Directory Watch.
[[0;32m  OK  [0m] Started Forward Password Requests to Wall Directory Watch.
[   35.325156] systemd[1]: Created slice User and Session Slice.
[[0;32m  OK  [0m] Created slice User and Session Slice.
[   35.565037] systemd[1]: Reached target User and Group Name Lookups.
[[0;32m  OK  [0m] Reached target User and Group Name Lookups.
[   35.786974] systemd[1]: Reached target Slices.
[[0;32m  OK  [0m] Reached target Slices.
[   35.877063] systemd[1]: Created slice system-serial\x2dgetty.slice.
[[0;32m  OK  [0m] Created slice system-serial\x2dgetty.slice.
[   35.924834] systemd[1]: Reached target Encrypted Volumes.
[[0;32m  OK  [0m] Reached target Encrypted Volumes.
[   35.953134] systemd[1]: Reached target Swap.
[[0;32m  OK  [0m] Reached target Swap.
[   36.049193] systemd[1]: Started Trigger resolvconf update for networkd DNS.
[[0;32m  OK  [0m] Started Trigger resolvconf update for networkd DNS.
[   36.245244] systemd[1]: Listening on Journal Socket.
[[0;32m  OK  [0m] Listening on Journal Socket.
[   36.429217] systemd[1]: Starting Load Kernel Modules...
[   36.506139] Loading iSCSI transport class v2.0-870.
         Starting Load Kernel Mo[   36.511464] iscsi: registered transport (tcp)
dules...
[   36.604705] random: nonblocking pool is initialized
[   36.720857] systemd[1]: Starting Nameserver information manager...
         Starting Nameserver information manager...
[   36.740725] iscsi: registered transport (iser)
[   36.857692] systemd[1]: Starting Create list of required static device nodes for the current kernel...
         Starting Create list of required st... nodes for the current kernel...
[   37.048737] systemd[1]: Mounting POSIX Message Queue File System...
         Mounting POSIX Message Queue File System...
[   37.357399] systemd[1]: Starting Remount Root and Kernel File Systems...
[   37.362975] EXT4-fs (sda1): re-mounted. Opts: (null)
         Starting Remount Root and Kernel File Systems...
[   37.729114] systemd[1]: Mounting Debug File System...
         Mounting Debug File System...
[   37.897310] systemd[1]: Starting Set console keymap...
         Starting Set console keymap...
[   38.057721] systemd[1]: Starting Uncomplicated firewall...
         Starting Uncomplicated firewall...
[   38.121042] systemd[1]: Listening on udev Control Socket.
[[0;32m  OK  [0m] Listening on udev Control Socket.
[   38.156545] systemd[1]: Listening on /dev/initctl Compatibility Named Pipe.
[[0;32m  OK  [0m] Listening on /dev/initctl Compatibility Named Pipe.
[   38.297416] systemd[1]: Listening on Journal Audit Socket.
[[0;32m  OK  [0m] Listening on Journal Audit Socket.
[   38.485686] systemd[1]: Starting Journal Service...
         Starting Journal Service...
[   38.541395] systemd[1]: Listening on LVM2 metadata daemon socket.
[[0;32m  OK  [0m] Listening on LVM2 metadata daemon socket.
[   38.685112] systemd[1]: Starting Monitoring of LVM2 mirrors, snapshots etc. using dmeventd or progress polling...
         Starting Monitoring of LVM2 mirrors... dmeventd or progress polling...
[   39.085226] systemd[1]: Mounting Huge Pages File System...
         Mounting Huge Pages File System...
[   39.245484] systemd[1]: Mounted Huge Pages File System.
[[0;32m  OK  [0m] Mounted Huge Pages File System.
[   39.333327] systemd[1]: Mounted Debug File System.
[[0;32m  OK  [0m] Mounted Debug File System.
[   39.51319]] systemd[1]: Mounted POSIX Message Queue File System.
[[0;32m  OK  [0m] Mounted POSIX Message Queue File System.
[   39.801187] systemd[1]: Started Journal Service.
[[0;32m  OK  [0m] Started Journal Service.
[[0;32m  OK  [0m] Started Load Kernel Modules.
[[0;32m  OK  [0m] Started Create list of required sta...ce nodes for the current kernel.
[[0;32m  OK  [0m] Started Remount Root and Kernel File Systems.
[[0;32m  OK  [0m] Started Set console keymap.
[[0;32m  OK  [0m] Started Uncomplicated firewall.
[[0;32m  OK  [0m] Started Nameserver information manager.
[[0;32m  OK  [0m] Started LVM2 metadata daemon.
         Starting Initial cloud-init job (pre-networking)...
         Starting udev Coldplug all Devices...
         Starting Load/Save Random Seed...
         Starting Create Static Device Nodes in /dev...
         Starting Apply Kernel Variables...
         Mounting FUSE Control File System...
         Starting Flush Journal to Persistent Storage...
[[0;32m  OK  [0m] Mounted FUSE Control File System.
[[0;32m  OK  [0m] Started Load/Save Random Seed.
[[0;32m  OK  [0m] Started Create Static Device Nodes in /dev.
[[0;32m  OK  [0m] Started Apply Kernel Variables.
[[0;32m  OK  [0m] Started Monitoring of LVM2 mirrors,...ng dmeventd or progress polling.
[[0;32m  OK  [0m] Started udev Coldplug all Devices.
[[0;32m  OK  [0m] Started Flush Journal to Persistent Storage.
[   26.051749] cloud-init[442]: Cloud-init v. 0.7.9 running 'init-local' at Thu, 17 Aug 2017 02:34:44 +0000. Up 25.88 seconds.
         Starting udev Kernel Device Manager...
[[0;32m  OK  [0m] Started udev Kernel Device Manager.
[[0;32m  OK  [0m] Started Initial cloud-init job (pre-networking).
[[0;32m  OK  [0m] Found device /dev/ttyS0.
[[0;32m  OK  [0m] Listening on Load/Save RF Kill Switch Status /dev/rfkill Watch.
[[0;32m  OK  [0m] Reached target Network (Pre).
[[0;32m  OK  [0m] Reached target Local File Systems (Pre).
[[0;32m  OK  [0m] Reached target Local File Systems.
         Starting Commit a transient machine-id on disk...
         Starting Create Volatile Files and Directories...
         Starting Tell Plymouth To Write Out Runtime Data...
         Starting LSB: AppArmor initialization...
         Starting Set console font and keymap...
[[0;32m  OK  [0m] Started Dispatch Password Requests to Console Directory Watch.
[[0;32m  OK  [0m] Started Commit a transient machine-id on disk.
[[0;32m  OK  [0m] Started Create Volatile Files and Directories.
[[0;32m  OK  [0m] Started Tell Plymouth To Write Out Runtime Data.
[[0;32m  OK  [0m] Started Set console font and keymap.
[[0;32m  OK  [0m] Created slice system-getty.slice.
         Starting Update UTMP about System Boot/Shutdown...
[[0;32m  OK  [0m] Reached target System Time Synchronized.
[[0;32m  OK  [0m] Started Update UTMP about System Boot/Shutdown.
[[0;32m  OK  [0m] Started LSB: AppArmor initialization.
[[0;32m  OK  [0m] Started ifup for enp0s3.
         Starting Raise network interfaces...
[[0;32m  OK  [0m] Started Raise network interfaces.
[[0;32m  OK  [0m] Reached target Network.
         Starting Initial cloud-init job (metadata service crawler)...
[   30.100285] cloud-init[941]: Cloud-init v. 0.7.9 running 'init' at Thu, 17 Aug 2017 02:34:47 +0000. Up 29.59 seconds.
[[0;32m  OK  [0m] Started Initial cloud-init job (metadata service crawler).
[   30.168414] cloud-init[941]: ci-info: +++++++++++++++++++++++++++++++++++++Net device info++++++++++++++++++++++++++++++++++++++
[   30.179002] [cloud-init[0;32m  OK  [0m[941]: ] ci-info: +--------+------+----------------------------+---------------+-------+-------------------+Reached target Network is Online.

[   30.272264]          cloud-initStarting iSCSI initiator daemon (iscsid)...[941]: 
ci-info: | Device |  Up  |          Address           |      Mask     | Scope |     Hw-Address    |
[   30.372259] [cloud-init[0;32m  OK  [0m[941]: ] ci-info: +--------+------+----------------------------+---------------+-------+-------------------+Reached target System Initialization.

[   30.437362]          cloud-initStarting LXD - unix socket.[941]: 
ci-info: |   lo   | True |         127.0.0.1          |   255.0.0.0   |   .   |         .         |
[   30.516292] [cloud-init[0;32m  OK  [0m[941]: ] ci-info: |   lo   | True |          ::1/128           |       .       |  host |         .         |Started Daily Cleanup of Temporary Directories.

[   30.620347]          cloud-initStarting Socket activation for snappy daemon.[941]: 
ci-info: | enp0s3 | True |         10.0.2.15          | 255.255.255.0 |   .   | 02:50:7f:03:3f:72 |
[[0;32m  OK  [0m] Started Daily apt download activities.
[   30.620783] cloud-init[941]: ci-info: | enp0s3 | True | fe80::50:7fff:fe03:3f72/64 |       .       |  link | 02:50:7f:03:3f:72 |
[   30.740757] [cloud-init[0;32m  OK  [0m[941]: ] ci-info: +--------+------+----------------------------+---------------+-------+-------------------+Started ACPI Events Check.

[[0;32m  OK  [0m] Reached target Paths.
[[0;32m  OK  [0m] Started Daily apt upgrade and clean activities.
[   30.741290] cloud-init[941]: ci-info: +++++++++++++++++++++++++++Route IPv4 info++++++++++++++++++++++++++++
[   30.889849] [cloud-init[0;32m  OK  [0m[941]: ] ci-info: +-------+-------------+----------+---------------+-----------+-------+Listening on UUID daemon activation socket.

[[0;32m  OK  [0m] Started Timer to automatically refresh installed snaps.
[[0;32m  OK  [0m] Reached target Timers.
[   30.890292] cloud-init[941]: ci-info: | Route | Destination | Gateway  |    Genmask    | Interface | Flags |
[   31.112714] [cloud-init[0;32m  OK  [0m[941]: ] ci-info: +-------+-------------+----------+---------------+-----------+-------+Listening on D-Bus System Message Bus Socket.

[[0;32m  OK  [0m] Listening on ACPID Listen Socket.
[[0;32m  OK  [0m] Reached target Cloud-config availability.
[   31.113301] cloud-init[941]: ci-info: |   0   |   0.0.0.0   | 10.0.2.2 |    0.0.0.0    |   enp0s3  |   UG  |
[[0;32m  OK  [0m] Listening on LXD - unix socket.
[[0;32m  OK  [0m] Listening on Socket activation for snappy daemon.
[[0;32m  OK  [0m] Started iSCSI initiator daemon (iscsid).
[   31.272370] cloud-init[941]: ci-info: |   1   |   10.0.2.0  | 0.0.0.0  | 255.255.255.0 |   enp0s3  |   U   |
[   31.344415]          cloud-initStarting Login to default iSCSI targets...[941]: 
ci-info: +-------+-------------+----------+---------------+-----------+-------+
[[0;32m  OK  [0m] Reached target Sockets.
[   31.345137] cloud-init[941]: Generating public/private rsa key pair.
[[0;32m  OK  [0m] Reached target Basic System.
[   31.405412] cloud-init[941]: Your identification has been saved in /etc/ssh/ssh_host_rsa_key.
[   31.511175] [cloud-init[0;32m  OK  [0m[941]: ] Your public key has been saved in /etc/ssh/ssh_host_rsa_key.pub.Started Regular background program processing daemon.

[   31.511582] cloud-init[941]: The key fingerprint is:
[   31.580324] [cloud-init[0;32m  OK  [0m[941]: ] SHA256:LgiTEAq+FIOQXpQeIvcHNCnGQa9V23P5sSMNuRMSOXk root@ubuntu-xenialStarted ACPI event daemon.

[   31.580763] cloud-init[941]: The key's randomart image is:
[   31.616902] cloud-init[941]: +---[RSA 2048]----+
[   31.618122] cloud-init[941]: |**+++.. .o       |
[   31.652321] cloud-init[941]: |BoB=oo o+.Eo     |
         Starting LSB: Record successful boot for GRUB...
[   31.652785] cloud-init[941]: |==+o+.. +o* .    |
[   31.720702] [cloud-init[0;32m  OK  [0m[941]: ] |.o.=. .  + * o   |Started Deferred execution scheduler.

[   31.721201] cloud-init[941]: | .=  .  S + =    |
[   31.800441] [cloud-init[0;32m  OK  [0m[941]: ] |   o . .   o .   |Started FUSE filesystem for LXC.

[   31.800951] cloud-init[941]: |    . . .        |
         Starting System Logging Service...
[   31.879115] cloud-init[941]: |       .         |
[   31.924619] cloud-init[941]: |                 |
[   31.944415] cloud-init[941]: +----[SHA256]-----+
         Starting Apply the settings specified in cloud-config...
[   31.999427] cloud-init[941]: Generating public/private dsa key pair.
         Starting Login Service...
[[0;32m  OK  [0m] Started Unattended Upgrades Shutdown.
[   32.084174] cloud-init[941]: Your identification has been saved in /etc/ssh/ssh_host_dsa_key.
         Starting Accounts Service...
[   32.226992] cloud-init[941]: Your public key has been saved in /etc/ssh/ssh_host_dsa_key.pub.
[   32.288175] cloud-init[941]: The key fingerprint is:
[   32.288476] cloud-init[941]: SHA256:Y8gcprwIgGH8Twd8auckKdkGIq05hu2C7xHw38kVnm4 root@ubuntu-xenial
         Starting LSB: MD monitoring daemon...
[   32.288691] cloud-init[941]: The key's randomart image is:
[   32.472717] cloud-init[941]: +---[DSA 1024]----+
[   32.472989] cloud-init[941]: |oo  .            |
[[0;32m  OK  [0m] Started D-Bus System Message Bus.
[   32.473134] cloud-init[941]: |++.. o .         |
[   32.601422] cloud-init[941]: |*+o + B .        |
[   32.601697] cloud-init[941]: |*+.= & B o       |
         Starting LXD - container startup/shutdown...
[   32.601889] cloud-init[941]: |+oo O X S        |
[   32.696113] cloud-init[941]: |o..+ = * .       |
[   32.696965] cloud-init[941]: | oo o + E        |
[   32.730190] cloud-init[941]: |  ..   .         |
[   32.730495] cloud-init[941]: | ..              |
         Starting /etc/rc.local Compatibility...
[   32.730614] cloud-init[941]: +----[SHA256]-----+
[   32.805474] cloud-init[941]: Generating public/private ecdsa key pair.
[   32.806426] cloud-init[941]: Your identification has been saved in /etc/ssh/ssh_host_ecdsa_key.
[   32.888284] cloud-init[941]: Your public key has been saved in /etc/ssh/ssh_host_ecdsa_key.pub.
[   32.888597] cloud-init[941]: The key fingerprint is:
         Starting Pollinate to seed the pseudo random number generator...
[   32.888753] cloud-init[941]: SHA256:kX7md5ppKcvDUJAV87WGQfa6T29IiiBRGnECUs+j4UA root@ubuntu-xenial
[   33.035529] cloud-init[941]: The key's randomart image is:
[   33.035731] cloud-init[941]: +---[ECDSA 256]---+
[   33.035848] cloud-init[941]: |  E.o.o..o+o+ .  |
[   33.035963] cloud-init[941]: | . . o.o+. + = . |
[   33.036215] cloud-init[941]: |  . . ++o.  o +  |
[   33.036325] cloud-init[941]: |   o ooo ..  o   |
[   33.036448] cloud-init[941]: |    o  .S.o .    |
[   33.036562] cloud-init[941]: |      . o+   ..  |
[   33.036678] cloud-init[941]: |       . +..o+o. |
[   33.036797] cloud-init[941]: |         .=.+B...|
[   33.036914] cloud-init[941]: |          o=+ ...|
[   33.037031] cloud-init[941]: +----[SHA256]-----+
[   33.037149] cloud-init[941]: Generating public/private ed25519 key pair.
[   33.037267] cloud-init[941]: Your identification has been saved in /etc/ssh/ssh_host_ed25519_key.
[   33.037386] cloud-init[941]: Your public key has been saved in /etc/ssh/ssh_host_ed25519_key.pub.
[   33.037502] cloud-init[941]: The key fingerprint is:
[   33.037621] cloud-init[941]: SHA256:NzPsFshgqBMXvWRdxREW4kHSFyuGCDV1iY32OuA3VYs root@ubuntu-xenial
[   33.037739] cloud-init[941]: The key's randomart image is:
[   33.037858] cloud-init[941]: +--[ED25519 256]--+
[   33.037976] cloud-init[941]: |    oooooB*+B=   |
[   33.038094] cloud-init[941]: |     ++o==+++.   |
[   33.038212] cloud-init[941]: |  . oo+o..++..   |
[   33.038332] cloud-init[941]: |   + .oo +E..    |
[   33.038450] cloud-init[941]: |  o  . .SoB      |
[   33.038569] cloud-init[941]: |   .  . =o =     |
[   33.038688] cloud-init[941]: |       . oo      |
[   33.038805] cloud-init[941]: |         .       |
[[0;32m  OK  [0m] Started Snappy daemon.
[   33.039482] cloud-init[941]: |                 |
[   33.620271] cloud-init[941]: +----[SHA256]-----+
         Starting Auto import assertions from block devices...
[   33.623987] cloud-init[1064]: Generating locales (this might take a while)...
[   33.696505] cloud-init[1064]:   en_US.UTF-8... done
[   33.696757] cloud-init[1064]: Generation complete.
[[0;32m  OK  [0m] Started System Logging Service.
[[0;32m  OK  [0m] Started LXD - container startup/shutdown.
[[0;32m  OK  [0m] Started /etc/rc.local Compatibility.
[[0;32m  OK  [0m] Started Auto import assertions from block devices.
[[0;32m  OK  [0m] Started Login to default iSCSI targets.
[[0;32m  OK  [0m] Started LSB: Record successful boot for GRUB.
[[0;32m  OK  [0m] Started LSB: MD monitoring daemon.
[[0;32m  OK  [0m] Started Login Service.
         Starting Authenticate and Authorize Users to Run Privileged Tasks...
[[0;32m  OK  [0m] Stopped OpenBSD Secure Shell server.
         Starting OpenBSD Secure Shell server...
[[0;32m  OK  [0m] Reached target Remote File Systems (Pre).
[[0;32m  OK  [0m] Reached target Remote File Systems.
         Starting LSB: daemon to balance interrupts for SMP systems...
         Starting LSB: Set the CPU Frequency Scaling governor to "ondemand"...
         Starting LSB: VirtualBox Linux Additions...
         Starting Permit User Sessions...
         Starting LSB: automatic crash report generation...
[[0;32m  OK  [0m] Started OpenBSD Secure Shell server.
[[0;32m  OK  [0m] Started Permit User Sessions.
[[0;32m  OK  [0m] Started Authenticate and Authorize Users to Run Privileged Tasks.
[[0;32m  OK  [0m] Started Accounts Service.
[[0;32m  OK  [0m] Started LSB: Set the CPU Frequency Scaling governor to "ondemand".
[[0;32m  OK  [0m] Started LSB: daemon to balance interrupts for SMP systems.
[[0;32m  OK  [0m] Started LSB: VirtualBox Linux Additions.
[[0;32m  OK  [0m] Created slice User Slice of ubuntu.
[[0;32m  OK  [0m] Started Session 1 of user ubuntu.
[   34.681941] cloud-init[1064]: Cloud-init v. 0.7.9 running 'modules:config' at Thu, 17 Aug 2017 02:34:50 +0000. Up 32.16 seconds.
         Starting User Manager for UID 1000...
         Starting Terminate Plymouth Boot Screen...
         Starting Hold until boot process finishes up...
[[0;32m  OK  [0m] Started User Manager for UID 1000.
[[0;32m  OK  [0m] Started Apply the settings specified in cloud-config.
[[0;32m  OK  [0m] Started Pollinate to seed the pseudo random number generator.
[[0;32m  OK  [0m] Started LSB: automatic crash report generation.
[[0;32m  OK  [0m] Started Terminate Plymouth Boot Screen.
[[0;32m  OK  [0m] Started Hold until boot process finishes up.
[[0;32m  OK  [0m] Started Getty on tty1.
         Starting Set console scheme...
[[0;32m  OK  [0m] Started Serial Getty on ttyS0.
[[0;32m  OK  [0m] Reached target Login Prompts.
[[0;32m  OK  [0m] Reached target Multi-User System.
[[0;32m  OK  [0m] Reached target Graphical Interface.
         Starting Update UTMP about System Runlevel Changes...
         Starting Execute cloud user/final scripts...
[[0;32m  OK  [0m] Started Set console scheme.
[[0;32m  OK  [0m] Started Update UTMP about System Runlevel Changes.
ci-info: no authorized ssh keys fingerprints found for user ubuntu.
<14>Aug 17 02:34:54 ec2: 
<14>Aug 17 02:34:54 ec2: #############################################################
<14>Aug 17 02:34:54 ec2: -----BEGIN SSH HOST KEY FINGERPRINTS-----
<14>Aug 17 02:34:54 ec2: 1024 SHA256:Y8gcprwIgGH8Twd8auckKdkGIq05hu2C7xHw38kVnm4 root@ubuntu-xenial (DSA)
<14>Aug 17 02:34:54 ec2: 256 SHA256:kX7md5ppKcvDUJAV87WGQfa6T29IiiBRGnECUs+j4UA root@ubuntu-xenial (ECDSA)
<14>Aug 17 02:34:54 ec2: 256 SHA256:NzPsFshgqBMXvWRdxREW4kHSFyuGCDV1iY32OuA3VYs root@ubuntu-xenial (ED25519)
<14>Aug 17 02:34:54 ec2: 2048 SHA256:LgiTEAq+FIOQXpQeIvcHNCnGQa9V23P5sSMNuRMSOXk root@ubuntu-xenial (RSA)
<14>Aug 17 02:34:54 ec2: -----END SSH HOST KEY FINGERPRINTS-----
<14>Aug 17 02:34:54 ec2: #############################################################
-----BEGIN SSH HOST KEY KEYS-----
ecdsa-sha2-nistp256 AAAAE2VjZHNhLXNoYTItbmlzdHAyNTYAAAAIbmlzdHAyNTYAAABBBNo1q3sz5NYiMi52vR/Gx91FbrTe8qVH9IzuTlQa+wSf1XcdWLxMGPadrzGDv2lAqO9gS+vkV4huKkcY9RJdOJU= root@ubuntu-xenial
ssh-ed25519 AAAAC3NzaC1lZDI1NTE5AAAAIIZjjC+I6Cjs9IRzhhZpXux2WzkJiPQ5fRSNJAG5saLA root@ubuntu-xenial
ssh-rsa AAAAB3NzaC1yc2EAAAADAQABAAABAQDEEp1r36C+3dpUFDlYVSQOHTSLsPORSgrHtmIKM2+3I5+8So2dHn63fAK1AY3P/NZpMosofSDm/kWt5JNpbTybw6oUU0idis4k6wp4zfSgM8i3LD9mlo3JhHEwNlg3ewGMZJ7/unuGrLXMwpwr2rgPsqusNlc40D4jjP/qP65T+vABq9BRhc/Hnf/QeO0VKOMer/utCoL+JOamWu9MLZQANnryc4CB0lQ9f95ZE3tDnzuarAMP6F+E7iFC9ArL3dWrelK6w1MGdcTGbXDgcbfSXQZ1sSDHcuJoxe69b2vCr3pzU0suj/cxVrBuFgbuN2zhvSg+giRtxyZ0kx55xlPr root@ubuntu-xenial
-----END SSH HOST KEY KEYS-----
[   36.666934] cloud-init[1314]: Cloud-init v. 0.7.9 running 'modules:final' at Thu, 17 Aug 2017 02:34:54 +0000. Up 35.83 seconds.
[   36.732401] cloud-init[1314]: ci-info: no authorized ssh keys fingerprints found for user ubuntu.
[   36.732703] cloud-init[1314]: Cloud-init v. 0.7.9 finished at Thu, 17 Aug 2017 02:34:54 +0000. Datasource DataSourceNoCloud [seed=/dev/sdb][dsmode=net].  Up 36.65 seconds
[[0;32m  OK  [0m] Started Execute cloud user/final scripts.
[[0;32m  OK  [0m] Reached target Cloud-init target.

Ubuntu 16.04.3 LTS ubuntu-xenial ttyS0

ubuntu-xenial login: [[0;32m  OK  [0m] Stopped target Cloud-ina[[0;32m  OK  [0m] Stopped Deferred execution scheduler.
[[0;32m  OK  [0m] Stopped ACPI event daemon.
[[0;32m  OK  [0m] Stopped System Logging Service.
[[0;32m  OK  [0m] Stopped Accounts Service.
[[0;32m  OK  [0m] Stopped Authenticate and Authorize Users to Run Privileged Tasks.
[[0;32m  OK  [0m] Stopped OpenBSD Secure Shell server.
[[0;32m  OK  [0m] Stopped Getty on tty1.
[[0;32m  OK  [0m] Stopped Serial Getty on ttyS0.
[[0;32m  OK  [0m] Stopped Snappy daemon.
[[0;32m  OK  [0m] Stopped User Manager for UID 1000.
[[0;32m  OK  [0m] Stopped LSB: Set up cgroupfs mounts..
[[0;32m  OK  [0m] Stopped Unattended Upgrades Shutdown.
[[0;32m  OK  [0m] Stopped D-Bus System Message Bus.
[[0;32m  OK  [0m] Stopped Session 4 of user ubuntu.
[[0;32m  OK  [0m] Stopped FUSE filesystem for LXC.
[[0;32m  OK  [0m] Stopped LXD - container startup/shutdown.
[[0;32m  OK  [0m] Stopped LSB: Record successful boot for GRUB.
[[0;32m  OK  [0m] Stopped LSB: daemon to balance interrupts for SMP systems.
[[0;32m  OK  [0m] Stopped LSB: MD monitoring daemon.
[[0;32m  OK  [0m] Stopped LSB: Set the CPU Frequency Scaling governor to "ondemand".
[[0;32m  OK  [0m] Stopped LSB: automatic crash report generation.
[[0;32m  OK  [0m] Stopped Docker Application Container Engine.
[[0;32m  OK  [0m] Stopped LSB: VirtualBox Linux Additions.
[[0;32m  OK  [0m] Removed slice User Slice of ubuntu.
         Stopping Login Service...
[[0;32m  OK  [0m] Removed slice system-serial\x2dgetty.slice.
[[0;32m  OK  [0m] Removed slice system-getty.slice.
[[0;32m  OK  [0m] Stopped /etc/rc.local Compatibility.
         Stopping Permit User Sessions...
[[0;32m  OK  [0m] Stopped Login Service.
[[0;32m  OK  [0m] Stopped Permit User Sessions.
[[0;32m  OK  [0m] Stopped target Remote File Systems.
[[0;32m  OK  [0m] Stopped target Remote File Systems (Pre).
         Stopping Login to default iSCSI targets...
[[0;32m  OK  [0m] Stopped target Basic System.
[[0;32m  OK  [0m] Stopped target Slices.
[[0;32m  OK  [0m] Removed slice User and Session Slice.
[[0;32m  OK  [0m] Stopped target Sockets.
[[0;32m  OK  [0m] Closed LXD - unix socket.
[[0;32m  OK  [0m] Closed UUID daemon activation socket.
[[0;32m  OK  [0m] Closed ACPID Listen Socket.
[[0;32m  OK  [0m] Closed Socket activation for snappy daemon.
[[0;32m  OK  [0m] Closed Syslog Socket.
[[0;32m  OK  [0m] Closed D-Bus System Message Bus Socket.
[[0;32m  OK  [0m] Closed Docker Socket for the API.
[[0;32m  OK  [0m] Stopped target Paths.
[[0;32m  OK  [0m] Stopped Dispatch Password Requests to Console Directory Watch.
[[0;32m  OK  [0m] Stopped Forward Password Requests to Wall Directory Watch.
[[0;32m  OK  [0m] Stopped ACPI Events Check.
[[0;32m  OK  [0m] Stopped target User and Group Name Lookups.
[[0;32m  OK  [0m] Stopped target System Initialization.
[[0;32m  OK  [0m] Stopped Commit a transient machine-id on disk.
[[0;32m  OK  [0m] Stopped target Swap.
[[0;32m  OK  [0m] Stopped target Encrypted Volumes.
[[0;32m  OK  [0m] Stopped Create Volatile Files and Directories.
         Stopping Load/Save Random Seed...
[[0;32m  OK  [0m] Stopped Load/Save Random Seed.
[[0;32m  OK  [0m] Stopped Login to default iSCSI targets.
         Stopping iSCSI initiator daemon (iscsid)...
[[0;32m  OK  [0m] Stopped iSCSI initiator daemon (iscsid).
[[0;32m  OK  [0m] Stopped target Network is Online.
[[0;32m  OK  [0m] Stopped Initial cloud-init job (metadata service crawler).
[[0;32m  OK  [0m] Stopped target Network.
         Stopping Raise network interfaces...
[[0;32m  OK  [0m] Stopped Raise network interfaces.
[[0;32m  OK  [0m] Stopped target Network (Pre).
[[0;32m  OK  [0m] Stopped Initial cloud-init job (pre-networking).
[[0;32m  OK  [0m] Stopped target Local File Systems.
         Unmounting /vagrant...
         Unmounting /run/user/1000...
[[0;32m  OK  [0m] Stopped Apply Kernel Variables.
[[0;32m  OK  [0m] Stopped Load Kernel Modules.
[[0;32m  OK  [0m] Unmounted /vagrant.
[[0;32m  OK  [0m] Unmounted /run/user/1000.
[[0;32m  OK  [0m] Reached target Unmount All Filesystems.
[[0;32m  OK  [0m] Stopped target Local File Systems (Pre).
[[0;32m  OK  [0m] Stopped Create Static Device Nodes in /dev.
[[0;32m  OK  [0m] Stopped Remount Root and Kernel File Systems.
[[0;32m  OK  [0m] Reached target Shutdown.
[ 1496.371524] reboot: Power down
